Compiling the C compiler identification source file "CMakeCCompilerId.c" failed.
Compiler: C:/Espressif/tools/esp-clang/16.0.1-fe4f10a809/esp-clang/bin/clang.exe 
Build flags: 
Id flags:  

The output was:
1
lld: error: unable to find library -lunwind
lld: error: unable to find library -lunwind
clang: error: linker command failed with exit code 1 (use -v to see invocation)


Compiling the CXX compiler identification source file "CMakeCXXCompilerId.cpp" failed.
Compiler: C:/Espressif/tools/esp-clang/16.0.1-fe4f10a809/esp-clang/bin/clang++.exe 
Build flags: 
Id flags:  

The output was:
1
lld: error: unable to find library -lc++
lld: error: unable to find library -lunwind
lld: error: unable to find library -lunwind
clang++: error: linker command failed with exit code 1 (use -v to see invocation)


Detecting C compiler ABI info failed to compile with the following output:
Change Dir: C:/digitalchessboard/teste_uart/main/build/CMakeFiles/CMakeTmp

Run Build Command(s):C:/Espressif/tools/ninja/1.11.1/ninja.exe cmTC_d6bc9 && [1/2] Building C object CMakeFiles/cmTC_d6bc9.dir/CMakeCCompilerABI.c.obj
clang version 16.0.1 (https://github.com/espressif/llvm-project.git fe4f10a809705c2ddbed62145616bb9c85c499c0)
Target: x86_64-w64-windows-gnu
Thread model: posix
InstalledDir: C:/Espressif/tools/esp-clang/16.0.1-fe4f10a809/esp-clang/bin
 (in-process)
 "C:/Espressif/tools/esp-clang/16.0.1-fe4f10a809/esp-clang/bin/clang.exe" -cc1 -triple x86_64-w64-windows-gnu -emit-obj -mrelax-all -disable-free -clear-ast-before-backend -disable-llvm-verifier -discard-value-names -main-file-name CMakeCCompilerABI.c -mrelocation-model pic -pic-level 2 -mframe-pointer=none -fmath-errno -ffp-contract=on -fno-rounding-math -mconstructor-aliases -mms-bitfields -funwind-tables=2 -target-cpu x86-64 -tune-cpu generic -mllvm -treat-scalable-fixed-error-as-warning -debugger-tuning=gdb -v -fcoverage-compilation-dir=C:/digitalchessboard/teste_uart/main/build/CMakeFiles/CMakeTmp -resource-dir C:/Espressif/tools/esp-clang/16.0.1-fe4f10a809/esp-clang/lib/clang/16 -dependency-file "CMakeFiles\\cmTC_d6bc9.dir\\CMakeCCompilerABI.c.obj.d" -MT CMakeFiles/cmTC_d6bc9.dir/CMakeCCompilerABI.c.obj -sys-header-deps -internal-isystem C:/Espressif/tools/esp-clang/16.0.1-fe4f10a809/esp-clang/lib/clang/16/include -internal-isystem "C:/Program Files (x86)/Dev-Cpp/MinGW64/x86_64-w64-mingw32/include" -internal-isystem "C:/Program Files (x86)/Dev-Cpp/MinGW64/x86_64-w64-mingw32/usr/include" -internal-isystem "C:/Program Files (x86)/Dev-Cpp/MinGW64/include" -fdebug-compilation-dir=C:/digitalchessboard/teste_uart/main/build/CMakeFiles/CMakeTmp -ferror-limit 19 -fno-use-cxa-atexit -fgnuc-version=4.2.1 -exception-model=seh -faddrsig -o CMakeFiles/cmTC_d6bc9.dir/CMakeCCompilerABI.c.obj -x c C:/Espressif/tools/cmake/3.24.0/share/cmake-3.24/Modules/CMakeCCompilerABI.c
clang -cc1 version 16.0.1 based upon LLVM 16.0.1 default target x86_64-w64-mingw32
ignoring nonexistent directory "C:/Program Files (x86)/Dev-Cpp/MinGW64/x86_64-w64-mingw32/usr/include"
#include "..." search starts here:
#include <...> search starts here:
 C:/Espressif/tools/esp-clang/16.0.1-fe4f10a809/esp-clang/lib/clang/16/include
 C:/Program Files (x86)/Dev-Cpp/MinGW64/x86_64-w64-mingw32/include
 C:/Program Files (x86)/Dev-Cpp/MinGW64/include
End of search list.
[2/2] Linking C executable cmTC_d6bc9.exe
FAILED: cmTC_d6bc9.exe 
cmd.exe /C "cd . && C:\Espressif\tools\esp-clang\16.0.1-fe4f10a809\esp-clang\bin\clang.exe  -v CMakeFiles/cmTC_d6bc9.dir/CMakeCCompilerABI.c.obj -o cmTC_d6bc9.exe -Wl,--out-implib,libcmTC_d6bc9.dll.a -Wl,--major-image-version,0,--minor-image-version,0   && cd ."
clang version 16.0.1 (https://github.com/espressif/llvm-project.git fe4f10a809705c2ddbed62145616bb9c85c499c0)
Target: x86_64-w64-windows-gnu
Thread model: posix
InstalledDir: C:/Espressif/tools/esp-clang/16.0.1-fe4f10a809/esp-clang/bin
 "C:/Espressif/tools/esp-clang/16.0.1-fe4f10a809/esp-clang/bin/ld.lld" -m i386pep -Bdynamic -o cmTC_d6bc9.exe "C:/Program Files (x86)/Dev-Cpp/MinGW64/x86_64-w64-mingw32/lib/crt2.o" "C:/Program Files (x86)/Dev-Cpp/MinGW64/x86_64-w64-mingw32/lib/crtbegin.o" "-LC:/Program Files (x86)/Dev-Cpp/MinGW64/lib/gcc/x86_64-w64-mingw32/4.9.2" "-LC:/Program Files (x86)/Dev-Cpp/MinGW64/x86_64-w64-mingw32/lib" "-LC:/Program Files (x86)/Dev-Cpp/MinGW64/x86_64-w64-mingw32/mingw/lib" "-LC:/Program Files (x86)/Dev-Cpp/MinGW64/lib" CMakeFiles/cmTC_d6bc9.dir/CMakeCCompilerABI.c.obj --out-implib libcmTC_d6bc9.dll.a --major-image-version 0 --minor-image-version 0 -lmingw32 C:/Espressif/tools/esp-clang/16.0.1-fe4f10a809/esp-clang/lib/clang/16/lib/windows/libclang_rt.builtins-x86_64.a -lunwind -lmoldname -lmingwex -lmsvcrt -ladvapi32 -lshell32 -luser32 -lkernel32 -lmingw32 C:/Espressif/tools/esp-clang/16.0.1-fe4f10a809/esp-clang/lib/clang/16/lib/windows/libclang_rt.builtins-x86_64.a -lunwind -lmoldname -lmingwex -lmsvcrt -lkernel32 "C:/Program Files (x86)/Dev-Cpp/MinGW64/x86_64-w64-mingw32/lib/crtend.o"
lld: error: unable to find library -lunwind
lld: error: unable to find library -lunwind
clang: error: linker command failed with exit code 1 (use -v to see invocation)
ninja: build stopped: subcommand failed.




Determining if the C compiler works failed with the following output:
Change Dir: C:/digitalchessboard/teste_uart/main/build/CMakeFiles/CMakeTmp

Run Build Command(s):C:/Espressif/tools/ninja/1.11.1/ninja.exe cmTC_0e5e2 && [1/2] Building C object CMakeFiles/cmTC_0e5e2.dir/testCCompiler.c.obj
[2/2] Linking C executable cmTC_0e5e2.exe
FAILED: cmTC_0e5e2.exe 
cmd.exe /C "cd . && C:\Espressif\tools\esp-clang\16.0.1-fe4f10a809\esp-clang\bin\clang.exe   CMakeFiles/cmTC_0e5e2.dir/testCCompiler.c.obj -o cmTC_0e5e2.exe -Wl,--out-implib,libcmTC_0e5e2.dll.a -Wl,--major-image-version,0,--minor-image-version,0  -lkernel32 -luser32 -lgdi32 -lwinspool -lshell32 -lole32 -loleaut32 -luuid -lcomdlg32 -ladvapi32 && cd ."
lld: error: unable to find library -lunwind
lld: error: unable to find library -lunwind
clang: error: linker command failed with exit code 1 (use -v to see invocation)
ninja: build stopped: subcommand failed.



